[2026-02-09T04:16:15.268Z] [ERROR] 🔴 404 NOT FOUND: GET /
[2026-02-09T04:16:15.270Z] [ERROR] Headers: {
  "host": "localhost:5000",
  "connection": "keep-alive",
  "sec-ch-ua": "\"Not(A:Brand\";v=\"8\", \"Chromium\";v=\"144\", \"Microsoft Edge\";v=\"144\"",
  "sec-ch-ua-mobile": "?0",
  "sec-ch-ua-platform": "\"Windows\"",
  "upgrade-insecure-requests": "1",
  "user-agent": "Mozilla/5.0 (Windows NT 10.0; Win64; x64) AppleWebKit/537.36 (KHTML, like Gecko) Chrome/144.0.0.0 Safari/537.36 Edg/144.0.0.0",
  "accept": "text/html,application/xhtml+xml,application/xml;q=0.9,image/avif,image/webp,image/apng,*/*;q=0.8,application/signed-exchange;v=b3;q=0.7",
  "sec-fetch-site": "none",
  "sec-fetch-mode": "navigate",
  "sec-fetch-user": "?1",
  "sec-fetch-dest": "document",
  "accept-encoding": "gzip, deflate, br, zstd",
  "accept-language": "en-US,en;q=0.9",
  "cookie": "connect.sid=s%3AeqVaILHVAKPw3iAw6JkKEXhNI9K2_nHg.u%2FUOqi3pO2JZ5PXD3izgBkuEbBYkkNUdFle7pLmlD4Q; token=eyJhbGciOiJIUzI1NiIsInR5cCI6IkpXVCJ9.eyJ1c2VySWQiOjMsInJvbGUiOiJHT1ZFUk5NRU5UIiwiaWF0IjoxNzcwMTExOTk1LCJleHAiOjE3NzA3MTY3OTV9.qf5Q79_kr-EU5DuMPMjIQRKjlwCTkVUS9H4cy03uqIQ"
}
[2026-02-09T04:16:15.273Z] [ERROR] Available routes: /health, ^\/api\/auth\//register, ^\/api\/auth\//login, ^\/api\/data\//, ^\/api\/data\//update, ^\/api\/messages\//inbox, ^\/api\/messages\//gov-inbox, ^\/api\/messages\//send, ^\/api\/messages\//mark-read/:messageId, ^\/api\/messages\//:messageId, ^\/api\/forecasts\//, ^\/api\/forecasts\//broadcast, ^\/api\/forecasts\//:phenomenon
[2026-02-09T04:16:15.283Z] [ERROR] ✓ [GET] / → 404 (17ms)
[2026-02-09T04:16:15.602Z] [ERROR] 🔴 404 NOT FOUND: GET /favicon.ico
[2026-02-09T04:16:15.608Z] [ERROR] Headers: {
  "host": "localhost:5000",
  "connection": "keep-alive",
  "sec-ch-ua-platform": "\"Windows\"",
  "user-agent": "Mozilla/5.0 (Windows NT 10.0; Win64; x64) AppleWebKit/537.36 (KHTML, like Gecko) Chrome/144.0.0.0 Safari/537.36 Edg/144.0.0.0",
  "sec-ch-ua": "\"Not(A:Brand\";v=\"8\", \"Chromium\";v=\"144\", \"Microsoft Edge\";v=\"144\"",
  "sec-ch-ua-mobile": "?0",
  "accept": "image/avif,image/webp,image/apng,image/svg+xml,image/*,*/*;q=0.8",
  "sec-fetch-site": "same-origin",
  "sec-fetch-mode": "no-cors",
  "sec-fetch-dest": "image",
  "referer": "http://localhost:5000/",
  "accept-encoding": "gzip, deflate, br, zstd",
  "accept-language": "en-US,en;q=0.9",
  "cookie": "connect.sid=s%3AeqVaILHVAKPw3iAw6JkKEXhNI9K2_nHg.u%2FUOqi3pO2JZ5PXD3izgBkuEbBYkkNUdFle7pLmlD4Q; token=eyJhbGciOiJIUzI1NiIsInR5cCI6IkpXVCJ9.eyJ1c2VySWQiOjMsInJvbGUiOiJHT1ZFUk5NRU5UIiwiaWF0IjoxNzcwMTExOTk1LCJleHAiOjE3NzA3MTY3OTV9.qf5Q79_kr-EU5DuMPMjIQRKjlwCTkVUS9H4cy03uqIQ"
}
[2026-02-09T04:16:15.615Z] [ERROR] Available routes: /health, ^\/api\/auth\//register, ^\/api\/auth\//login, ^\/api\/data\//, ^\/api\/data\//update, ^\/api\/messages\//inbox, ^\/api\/messages\//gov-inbox, ^\/api\/messages\//send, ^\/api\/messages\//mark-read/:messageId, ^\/api\/messages\//:messageId, ^\/api\/forecasts\//, ^\/api\/forecasts\//broadcast, ^\/api\/forecasts\//:phenomenon
[2026-02-09T04:16:15.622Z] [ERROR] ✓ [GET] /favicon.ico → 404 (185ms)
[2026-02-09T04:59:08.854Z] [ERROR] 🔴 404 NOT FOUND: POST /auth/register
[2026-02-09T04:59:08.866Z] [ERROR] Headers: {
  "host": "localhost:5000",
  "connection": "keep-alive",
  "content-length": "87",
  "sec-ch-ua-platform": "\"Windows\"",
  "user-agent": "Mozilla/5.0 (Windows NT 10.0; Win64; x64) AppleWebKit/537.36 (KHTML, like Gecko) Chrome/144.0.0.0 Safari/537.36 Edg/144.0.0.0",
  "accept": "application/json, text/plain, */*",
  "sec-ch-ua": "\"Not(A:Brand\";v=\"8\", \"Chromium\";v=\"144\", \"Microsoft Edge\";v=\"144\"",
  "content-type": "application/json",
  "sec-ch-ua-mobile": "?0",
  "origin": "http://localhost:5073",
  "sec-fetch-site": "same-site",
  "sec-fetch-mode": "cors",
  "sec-fetch-dest": "empty",
  "referer": "http://localhost:5073/",
  "accept-encoding": "gzip, deflate, br, zstd",
  "accept-language": "en-US,en;q=0.9",
  "cookie": "connect.sid=s%3AeqVaILHVAKPw3iAw6JkKEXhNI9K2_nHg.u%2FUOqi3pO2JZ5PXD3izgBkuEbBYkkNUdFle7pLmlD4Q; token=eyJhbGciOiJIUzI1NiIsInR5cCI6IkpXVCJ9.eyJ1c2VySWQiOjMsInJvbGUiOiJHT1ZFUk5NRU5UIiwiaWF0IjoxNzcwMTExOTk1LCJleHAiOjE3NzA3MTY3OTV9.qf5Q79_kr-EU5DuMPMjIQRKjlwCTkVUS9H4cy03uqIQ"
}
[2026-02-09T04:59:08.870Z] [ERROR] Available routes: /, /health, ^\/api\/auth\//register, ^\/api\/auth\//login, ^\/api\/data\//, ^\/api\/data\//update, ^\/api\/messages\//inbox, ^\/api\/messages\//gov-inbox, ^\/api\/messages\//send, ^\/api\/messages\//mark-read/:messageId, ^\/api\/messages\//:messageId, ^\/api\/forecasts\//, ^\/api\/forecasts\//broadcast, ^\/api\/forecasts\//:phenomenon
[2026-02-09T04:59:08.884Z] [ERROR] ✓ [POST] /auth/register → 404 (82ms)
[2026-02-09T04:59:22.038Z] [ERROR] 🔴 404 NOT FOUND: POST /auth/register
[2026-02-09T04:59:22.048Z] [ERROR] Headers: {
  "host": "localhost:5000",
  "connection": "keep-alive",
  "content-length": "86",
  "sec-ch-ua-platform": "\"Windows\"",
  "user-agent": "Mozilla/5.0 (Windows NT 10.0; Win64; x64) AppleWebKit/537.36 (KHTML, like Gecko) Chrome/144.0.0.0 Safari/537.36 Edg/144.0.0.0",
  "accept": "application/json, text/plain, */*",
  "sec-ch-ua": "\"Not(A:Brand\";v=\"8\", \"Chromium\";v=\"144\", \"Microsoft Edge\";v=\"144\"",
  "content-type": "application/json",
  "sec-ch-ua-mobile": "?0",
  "origin": "http://localhost:5073",
  "sec-fetch-site": "same-site",
  "sec-fetch-mode": "cors",
  "sec-fetch-dest": "empty",
  "referer": "http://localhost:5073/",
  "accept-encoding": "gzip, deflate, br, zstd",
  "accept-language": "en-US,en;q=0.9",
  "cookie": "connect.sid=s%3AeqVaILHVAKPw3iAw6JkKEXhNI9K2_nHg.u%2FUOqi3pO2JZ5PXD3izgBkuEbBYkkNUdFle7pLmlD4Q; token=eyJhbGciOiJIUzI1NiIsInR5cCI6IkpXVCJ9.eyJ1c2VySWQiOjMsInJvbGUiOiJHT1ZFUk5NRU5UIiwiaWF0IjoxNzcwMTExOTk1LCJleHAiOjE3NzA3MTY3OTV9.qf5Q79_kr-EU5DuMPMjIQRKjlwCTkVUS9H4cy03uqIQ"
}
[2026-02-09T04:59:22.052Z] [ERROR] Available routes: /, /health, ^\/api\/auth\//register, ^\/api\/auth\//login, ^\/api\/data\//, ^\/api\/data\//update, ^\/api\/messages\//inbox, ^\/api\/messages\//gov-inbox, ^\/api\/messages\//send, ^\/api\/messages\//mark-read/:messageId, ^\/api\/messages\//:messageId, ^\/api\/forecasts\//, ^\/api\/forecasts\//broadcast, ^\/api\/forecasts\//:phenomenon
[2026-02-09T04:59:22.060Z] [ERROR] ✓ [POST] /auth/register → 404 (48ms)
[2026-02-09T05:00:11.195Z] [ERROR] ✓ [POST] /login → 401 (19ms)
